1755125266.359839 client started (160076): version 3.2a, socket /tmp/tmux-1000/default, protocol 8
1755125266.359918 on Linux 6.12.10-76061203-generic #202412060638~1753385872~22.04~dc2e00d SMP PREEMPT_DYNAMIC Thu J
1755125266.359930 using libevent 2.1.12-stable (poll); ncurses 6.3
1755125266.359968 flags are 0x18010000
1755125266.359975 socket is /tmp/tmux-1000/default
1755125266.360000 trying connect
1755125266.360153 add peer 0x5d90cc87ca10: 6 ((nil))
1755125266.360982 sending message 100 to peer 0x5d90cc87ca10 (4 bytes)
1755125266.361008 sending message 111 to peer 0x5d90cc87ca10 (8 bytes)
1755125266.361017 sending message 101 to peer 0x5d90cc87ca10 (15 bytes)
1755125266.361024 sending message 109 to peer 0x5d90cc87ca10 (4 bytes)
1755125266.361031 sending message 102 to peer 0x5d90cc87ca10 (11 bytes)
1755125266.361039 sending message 108 to peer 0x5d90cc87ca10 (23 bytes)
1755125266.361047 sending message 112 to peer 0x5d90cc87ca10 (58 bytes)
1755125266.361055 sending message 112 to peer 0x5d90cc87ca10 (5 bytes)
1755125266.361063 sending message 112 to peer 0x5d90cc87ca10 (5 bytes)
1755125266.361070 sending message 112 to peer 0x5d90cc87ca10 (6 bytes)
1755125266.361077 sending message 112 to peer 0x5d90cc87ca10 (6 bytes)
1755125266.361084 sending message 112 to peer 0x5d90cc87ca10 (11 bytes)
1755125266.361091 sending message 112 to peer 0x5d90cc87ca10 (10 bytes)
1755125266.361098 sending message 112 to peer 0x5d90cc87ca10 (13 bytes)
1755125266.361105 sending message 112 to peer 0x5d90cc87ca10 (14 bytes)
1755125266.361113 sending message 112 to peer 0x5d90cc87ca10 (19 bytes)
1755125266.361120 sending message 112 to peer 0x5d90cc87ca10 (11 bytes)
1755125266.361126 sending message 112 to peer 0x5d90cc87ca10 (10 bytes)
1755125266.361134 sending message 112 to peer 0x5d90cc87ca10 (15 bytes)
1755125266.361141 sending message 112 to peer 0x5d90cc87ca10 (21 bytes)
1755125266.361148 sending message 112 to peer 0x5d90cc87ca10 (13 bytes)
1755125266.361155 sending message 112 to peer 0x5d90cc87ca10 (7 bytes)
1755125266.361162 sending message 112 to peer 0x5d90cc87ca10 (13 bytes)
1755125266.361169 sending message 112 to peer 0x5d90cc87ca10 (7 bytes)
1755125266.361176 sending message 112 to peer 0x5d90cc87ca10 (13 bytes)
1755125266.361183 sending message 112 to peer 0x5d90cc87ca10 (9 bytes)
1755125266.361190 sending message 112 to peer 0x5d90cc87ca10 (21 bytes)
1755125266.361198 sending message 112 to peer 0x5d90cc87ca10 (13 bytes)
1755125266.361229 sending message 112 to peer 0x5d90cc87ca10 (9 bytes)
1755125266.361242 sending message 112 to peer 0x5d90cc87ca10 (16 bytes)
1755125266.361249 sending message 112 to peer 0x5d90cc87ca10 (13 bytes)
1755125266.361256 sending message 112 to peer 0x5d90cc87ca10 (9 bytes)
1755125266.361263 sending message 112 to peer 0x5d90cc87ca10 (9 bytes)
1755125266.361270 sending message 112 to peer 0x5d90cc87ca10 (12 bytes)
1755125266.361277 sending message 112 to peer 0x5d90cc87ca10 (8 bytes)
1755125266.361284 sending message 112 to peer 0x5d90cc87ca10 (8 bytes)
1755125266.361291 sending message 112 to peer 0x5d90cc87ca10 (13 bytes)
1755125266.361298 sending message 112 to peer 0x5d90cc87ca10 (7 bytes)
1755125266.361305 sending message 112 to peer 0x5d90cc87ca10 (7 bytes)
1755125266.361312 sending message 112 to peer 0x5d90cc87ca10 (9 bytes)
1755125266.361319 sending message 112 to peer 0x5d90cc87ca10 (9 bytes)
1755125266.361326 sending message 112 to peer 0x5d90cc87ca10 (15 bytes)
1755125266.361332 sending message 112 to peer 0x5d90cc87ca10 (13 bytes)
1755125266.361340 sending message 112 to peer 0x5d90cc87ca10 (12 bytes)
1755125266.361346 sending message 112 to peer 0x5d90cc87ca10 (8 bytes)
1755125266.361353 sending message 112 to peer 0x5d90cc87ca10 (14 bytes)
1755125266.361360 sending message 112 to peer 0x5d90cc87ca10 (11 bytes)
1755125266.361367 sending message 112 to peer 0x5d90cc87ca10 (9 bytes)
1755125266.361374 sending message 112 to peer 0x5d90cc87ca10 (10 bytes)
1755125266.361382 sending message 112 to peer 0x5d90cc87ca10 (10 bytes)
1755125266.361389 sending message 112 to peer 0x5d90cc87ca10 (10 bytes)
1755125266.361416 sending message 112 to peer 0x5d90cc87ca10 (10 bytes)
1755125266.361424 sending message 112 to peer 0x5d90cc87ca10 (11 bytes)
1755125266.361431 sending message 112 to peer 0x5d90cc87ca10 (12 bytes)
1755125266.361438 sending message 112 to peer 0x5d90cc87ca10 (12 bytes)
1755125266.361445 sending message 112 to peer 0x5d90cc87ca10 (12 bytes)
1755125266.361452 sending message 112 to peer 0x5d90cc87ca10 (12 bytes)
1755125266.361459 sending message 112 to peer 0x5d90cc87ca10 (12 bytes)
1755125266.361466 sending message 112 to peer 0x5d90cc87ca10 (11 bytes)
1755125266.361473 sending message 112 to peer 0x5d90cc87ca10 (11 bytes)
1755125266.361480 sending message 112 to peer 0x5d90cc87ca10 (12 bytes)
1755125266.361488 sending message 112 to peer 0x5d90cc87ca10 (12 bytes)
1755125266.361495 sending message 112 to peer 0x5d90cc87ca10 (12 bytes)
1755125266.361503 sending message 112 to peer 0x5d90cc87ca10 (12 bytes)
1755125266.361510 sending message 112 to peer 0x5d90cc87ca10 (12 bytes)
1755125266.361516 sending message 112 to peer 0x5d90cc87ca10 (9 bytes)
1755125266.361523 sending message 112 to peer 0x5d90cc87ca10 (12 bytes)
1755125266.361530 sending message 112 to peer 0x5d90cc87ca10 (13 bytes)
1755125266.361537 sending message 112 to peer 0x5d90cc87ca10 (13 bytes)
1755125266.361544 sending message 112 to peer 0x5d90cc87ca10 (13 bytes)
1755125266.361551 sending message 112 to peer 0x5d90cc87ca10 (13 bytes)
1755125266.361557 sending message 112 to peer 0x5d90cc87ca10 (13 bytes)
1755125266.361564 sending message 112 to peer 0x5d90cc87ca10 (8 bytes)
1755125266.361571 sending message 112 to peer 0x5d90cc87ca10 (11 bytes)
1755125266.361578 sending message 112 to peer 0x5d90cc87ca10 (11 bytes)
1755125266.361585 sending message 112 to peer 0x5d90cc87ca10 (11 bytes)
1755125266.361592 sending message 112 to peer 0x5d90cc87ca10 (12 bytes)
1755125266.361599 sending message 112 to peer 0x5d90cc87ca10 (12 bytes)
1755125266.361605 sending message 112 to peer 0x5d90cc87ca10 (12 bytes)
1755125266.361612 sending message 112 to peer 0x5d90cc87ca10 (12 bytes)
1755125266.361619 sending message 112 to peer 0x5d90cc87ca10 (13 bytes)
1755125266.361625 sending message 112 to peer 0x5d90cc87ca10 (13 bytes)
1755125266.361632 sending message 112 to peer 0x5d90cc87ca10 (13 bytes)
1755125266.361639 sending message 112 to peer 0x5d90cc87ca10 (8 bytes)
1755125266.361647 sending message 112 to peer 0x5d90cc87ca10 (13 bytes)
1755125266.361653 sending message 112 to peer 0x5d90cc87ca10 (13 bytes)
1755125266.361660 sending message 112 to peer 0x5d90cc87ca10 (13 bytes)
1755125266.361667 sending message 112 to peer 0x5d90cc87ca10 (13 bytes)
1755125266.361674 sending message 112 to peer 0x5d90cc87ca10 (13 bytes)
1755125266.361681 sending message 112 to peer 0x5d90cc87ca10 (12 bytes)
1755125266.361688 sending message 112 to peer 0x5d90cc87ca10 (12 bytes)
1755125266.361695 sending message 112 to peer 0x5d90cc87ca10 (12 bytes)
1755125266.361702 sending message 112 to peer 0x5d90cc87ca10 (12 bytes)
1755125266.361709 sending message 112 to peer 0x5d90cc87ca10 (13 bytes)
1755125266.361716 sending message 112 to peer 0x5d90cc87ca10 (8 bytes)
1755125266.361723 sending message 112 to peer 0x5d90cc87ca10 (13 bytes)
1755125266.361730 sending message 112 to peer 0x5d90cc87ca10 (13 bytes)
1755125266.361737 sending message 112 to peer 0x5d90cc87ca10 (13 bytes)
1755125266.361744 sending message 112 to peer 0x5d90cc87ca10 (13 bytes)
1755125266.361751 sending message 112 to peer 0x5d90cc87ca10 (13 bytes)
1755125266.361758 sending message 112 to peer 0x5d90cc87ca10 (13 bytes)
1755125266.361764 sending message 112 to peer 0x5d90cc87ca10 (13 bytes)
1755125266.361771 sending message 112 to peer 0x5d90cc87ca10 (12 bytes)
1755125266.361778 sending message 112 to peer 0x5d90cc87ca10 (12 bytes)
1755125266.361785 sending message 112 to peer 0x5d90cc87ca10 (12 bytes)
1755125266.361792 sending message 112 to peer 0x5d90cc87ca10 (8 bytes)
1755125266.361798 sending message 112 to peer 0x5d90cc87ca10 (12 bytes)
1755125266.361806 sending message 112 to peer 0x5d90cc87ca10 (13 bytes)
1755125266.361822 sending message 112 to peer 0x5d90cc87ca10 (13 bytes)
1755125266.361830 sending message 112 to peer 0x5d90cc87ca10 (13 bytes)
1755125266.361837 sending message 112 to peer 0x5d90cc87ca10 (13 bytes)
1755125266.361844 sending message 112 to peer 0x5d90cc87ca10 (13 bytes)
1755125266.361851 sending message 112 to peer 0x5d90cc87ca10 (13 bytes)
1755125266.361858 sending message 112 to peer 0x5d90cc87ca10 (13 bytes)
1755125266.361864 sending message 112 to peer 0x5d90cc87ca10 (13 bytes)
1755125266.361871 sending message 112 to peer 0x5d90cc87ca10 (12 bytes)
1755125266.361878 sending message 112 to peer 0x5d90cc87ca10 (10 bytes)
1755125266.361885 sending message 112 to peer 0x5d90cc87ca10 (12 bytes)
1755125266.361892 sending message 112 to peer 0x5d90cc87ca10 (12 bytes)
1755125266.361899 sending message 112 to peer 0x5d90cc87ca10 (12 bytes)
1755125266.361905 sending message 112 to peer 0x5d90cc87ca10 (13 bytes)
1755125266.361912 sending message 112 to peer 0x5d90cc87ca10 (13 bytes)
1755125266.361919 sending message 112 to peer 0x5d90cc87ca10 (13 bytes)
1755125266.361927 sending message 112 to peer 0x5d90cc87ca10 (13 bytes)
1755125266.361934 sending message 112 to peer 0x5d90cc87ca10 (13 bytes)
1755125266.361940 sending message 112 to peer 0x5d90cc87ca10 (13 bytes)
1755125266.361947 sending message 112 to peer 0x5d90cc87ca10 (13 bytes)
1755125266.361954 sending message 112 to peer 0x5d90cc87ca10 (10 bytes)
1755125266.361961 sending message 112 to peer 0x5d90cc87ca10 (13 bytes)
1755125266.361968 sending message 112 to peer 0x5d90cc87ca10 (12 bytes)
1755125266.361975 sending message 112 to peer 0x5d90cc87ca10 (12 bytes)
1755125266.361982 sending message 112 to peer 0x5d90cc87ca10 (12 bytes)
1755125266.361989 sending message 112 to peer 0x5d90cc87ca10 (10 bytes)
1755125266.361996 sending message 112 to peer 0x5d90cc87ca10 (10 bytes)
1755125266.362002 sending message 112 to peer 0x5d90cc87ca10 (10 bytes)
1755125266.362009 sending message 112 to peer 0x5d90cc87ca10 (12 bytes)
1755125266.362016 sending message 112 to peer 0x5d90cc87ca10 (13 bytes)
1755125266.362023 sending message 112 to peer 0x5d90cc87ca10 (13 bytes)
1755125266.362029 sending message 112 to peer 0x5d90cc87ca10 (13 bytes)
1755125266.362036 sending message 112 to peer 0x5d90cc87ca10 (13 bytes)
1755125266.362043 sending message 112 to peer 0x5d90cc87ca10 (13 bytes)
1755125266.362050 sending message 112 to peer 0x5d90cc87ca10 (10 bytes)
1755125266.362057 sending message 112 to peer 0x5d90cc87ca10 (11 bytes)
1755125266.362064 sending message 112 to peer 0x5d90cc87ca10 (12 bytes)
1755125266.362070 sending message 112 to peer 0x5d90cc87ca10 (12 bytes)
1755125266.362077 sending message 112 to peer 0x5d90cc87ca10 (12 bytes)
1755125266.362084 sending message 112 to peer 0x5d90cc87ca10 (12 bytes)
1755125266.362091 sending message 112 to peer 0x5d90cc87ca10 (12 bytes)
1755125266.362098 sending message 112 to peer 0x5d90cc87ca10 (11 bytes)
1755125266.362105 sending message 112 to peer 0x5d90cc87ca10 (12 bytes)
1755125266.362112 sending message 112 to peer 0x5d90cc87ca10 (12 bytes)
1755125266.362119 sending message 112 to peer 0x5d90cc87ca10 (13 bytes)
1755125266.362126 sending message 112 to peer 0x5d90cc87ca10 (13 bytes)
1755125266.362133 sending message 112 to peer 0x5d90cc87ca10 (13 bytes)
1755125266.362139 sending message 112 to peer 0x5d90cc87ca10 (13 bytes)
1755125266.362146 sending message 112 to peer 0x5d90cc87ca10 (13 bytes)
1755125266.362153 sending message 112 to peer 0x5d90cc87ca10 (10 bytes)
1755125266.362160 sending message 112 to peer 0x5d90cc87ca10 (9 bytes)
1755125266.362167 sending message 112 to peer 0x5d90cc87ca10 (12 bytes)
1755125266.362174 sending message 112 to peer 0x5d90cc87ca10 (13 bytes)
1755125266.362181 sending message 112 to peer 0x5d90cc87ca10 (13 bytes)
1755125266.362187 sending message 112 to peer 0x5d90cc87ca10 (13 bytes)
1755125266.362194 sending message 112 to peer 0x5d90cc87ca10 (13 bytes)
1755125266.362201 sending message 112 to peer 0x5d90cc87ca10 (13 bytes)
1755125266.362223 sending message 112 to peer 0x5d90cc87ca10 (9 bytes)
1755125266.362238 sending message 112 to peer 0x5d90cc87ca10 (12 bytes)
1755125266.362245 sending message 112 to peer 0x5d90cc87ca10 (13 bytes)
1755125266.362252 sending message 112 to peer 0x5d90cc87ca10 (13 bytes)
1755125266.362259 sending message 112 to peer 0x5d90cc87ca10 (13 bytes)
1755125266.362266 sending message 112 to peer 0x5d90cc87ca10 (13 bytes)
1755125266.362273 sending message 112 to peer 0x5d90cc87ca10 (13 bytes)
1755125266.362279 sending message 112 to peer 0x5d90cc87ca10 (11 bytes)
1755125266.362286 sending message 112 to peer 0x5d90cc87ca10 (12 bytes)
1755125266.362292 sending message 112 to peer 0x5d90cc87ca10 (13 bytes)
1755125266.362299 sending message 112 to peer 0x5d90cc87ca10 (13 bytes)
1755125266.362312 sending message 112 to peer 0x5d90cc87ca10 (13 bytes)
1755125266.362319 sending message 112 to peer 0x5d90cc87ca10 (13 bytes)
1755125266.362326 sending message 112 to peer 0x5d90cc87ca10 (13 bytes)
1755125266.362332 sending message 112 to peer 0x5d90cc87ca10 (11 bytes)
1755125266.362339 sending message 112 to peer 0x5d90cc87ca10 (12 bytes)
1755125266.362345 sending message 112 to peer 0x5d90cc87ca10 (12 bytes)
1755125266.362352 sending message 112 to peer 0x5d90cc87ca10 (12 bytes)
1755125266.362358 sending message 112 to peer 0x5d90cc87ca10 (12 bytes)
1755125266.362364 sending message 112 to peer 0x5d90cc87ca10 (12 bytes)
1755125266.362371 sending message 112 to peer 0x5d90cc87ca10 (21 bytes)
1755125266.362377 sending message 112 to peer 0x5d90cc87ca10 (12 bytes)
1755125266.362384 sending message 112 to peer 0x5d90cc87ca10 (9 bytes)
1755125266.362391 sending message 112 to peer 0x5d90cc87ca10 (6 bytes)
1755125266.362397 sending message 112 to peer 0x5d90cc87ca10 (13 bytes)
1755125266.362404 sending message 112 to peer 0x5d90cc87ca10 (10 bytes)
1755125266.362410 sending message 112 to peer 0x5d90cc87ca10 (24 bytes)
1755125266.362421 sending message 112 to peer 0x5d90cc87ca10 (13 bytes)
1755125266.362428 sending message 112 to peer 0x5d90cc87ca10 (9 bytes)
1755125266.362435 sending message 112 to peer 0x5d90cc87ca10 (70 bytes)
1755125266.362442 sending message 112 to peer 0x5d90cc87ca10 (69 bytes)
1755125266.362448 sending message 112 to peer 0x5d90cc87ca10 (12 bytes)
1755125266.362455 sending message 112 to peer 0x5d90cc87ca10 (10 bytes)
1755125266.362461 sending message 112 to peer 0x5d90cc87ca10 (10 bytes)
1755125266.362467 sending message 112 to peer 0x5d90cc87ca10 (24 bytes)
1755125266.362474 sending message 112 to peer 0x5d90cc87ca10 (13 bytes)
1755125266.362481 sending message 112 to peer 0x5d90cc87ca10 (10 bytes)
1755125266.362487 sending message 112 to peer 0x5d90cc87ca10 (10 bytes)
1755125266.362494 sending message 112 to peer 0x5d90cc87ca10 (10 bytes)
1755125266.362500 sending message 112 to peer 0x5d90cc87ca10 (13 bytes)
1755125266.362507 sending message 112 to peer 0x5d90cc87ca10 (15 bytes)
1755125266.362513 sending message 112 to peer 0x5d90cc87ca10 (5 bytes)
1755125266.362521 sending message 104 to peer 0x5d90cc87ca10 (0 bytes)
1755125266.362533 sending message 110 to peer 0x5d90cc87ca10 (0 bytes)
1755125266.362542 sending message 107 to peer 0x5d90cc87ca10 (4 bytes)
1755125266.362549 sending message 105 to peer 0x5d90cc87ca10 (29 bytes)
1755125266.362555 sending message 105 to peer 0x5d90cc87ca10 (87 bytes)
1755125266.362563 sending message 105 to peer 0x5d90cc87ca10 (41 bytes)
1755125266.362570 sending message 105 to peer 0x5d90cc87ca10 (28 bytes)
1755125266.362577 sending message 105 to peer 0x5d90cc87ca10 (37 bytes)
1755125266.362583 sending message 105 to peer 0x5d90cc87ca10 (38 bytes)
1755125266.362590 sending message 105 to peer 0x5d90cc87ca10 (53 bytes)
1755125266.362596 sending message 105 to peer 0x5d90cc87ca10 (34 bytes)
1755125266.362603 sending message 105 to peer 0x5d90cc87ca10 (12 bytes)
1755125266.362610 sending message 105 to peer 0x5d90cc87ca10 (24 bytes)
1755125266.362616 sending message 105 to peer 0x5d90cc87ca10 (21 bytes)
1755125266.362623 sending message 105 to peer 0x5d90cc87ca10 (52 bytes)
1755125266.362630 sending message 105 to peer 0x5d90cc87ca10 (22 bytes)
1755125266.362648 sending message 105 to peer 0x5d90cc87ca10 (59 bytes)
1755125266.362656 sending message 105 to peer 0x5d90cc87ca10 (41 bytes)
1755125266.362662 sending message 105 to peer 0x5d90cc87ca10 (61 bytes)
1755125266.362669 sending message 105 to peer 0x5d90cc87ca10 (28 bytes)
1755125266.362676 sending message 105 to peer 0x5d90cc87ca10 (17 bytes)
1755125266.362683 sending message 105 to peer 0x5d90cc87ca10 (13 bytes)
1755125266.362689 sending message 105 to peer 0x5d90cc87ca10 (68 bytes)
1755125266.362696 sending message 105 to peer 0x5d90cc87ca10 (29 bytes)
1755125266.362703 sending message 105 to peer 0x5d90cc87ca10 (15 bytes)
1755125266.362709 sending message 105 to peer 0x5d90cc87ca10 (21 bytes)
1755125266.362716 sending message 105 to peer 0x5d90cc87ca10 (13 bytes)
1755125266.362722 sending message 105 to peer 0x5d90cc87ca10 (30 bytes)
1755125266.362729 sending message 105 to peer 0x5d90cc87ca10 (35 bytes)
1755125266.362736 sending message 105 to peer 0x5d90cc87ca10 (149 bytes)
1755125266.362743 sending message 105 to peer 0x5d90cc87ca10 (20 bytes)
1755125266.362754 sending message 105 to peer 0x5d90cc87ca10 (50 bytes)
1755125266.362761 sending message 105 to peer 0x5d90cc87ca10 (44 bytes)
1755125266.362768 sending message 105 to peer 0x5d90cc87ca10 (32 bytes)
1755125266.362774 sending message 105 to peer 0x5d90cc87ca10 (66 bytes)
1755125266.362781 sending message 105 to peer 0x5d90cc87ca10 (16 bytes)
1755125266.362788 sending message 105 to peer 0x5d90cc87ca10 (31 bytes)
1755125266.362794 sending message 105 to peer 0x5d90cc87ca10 (18 bytes)
1755125266.362801 sending message 105 to peer 0x5d90cc87ca10 (23 bytes)
1755125266.362808 sending message 105 to peer 0x5d90cc87ca10 (75 bytes)
1755125266.362815 sending message 105 to peer 0x5d90cc87ca10 (20 bytes)
1755125266.362821 sending message 105 to peer 0x5d90cc87ca10 (53 bytes)
1755125266.362828 sending message 105 to peer 0x5d90cc87ca10 (21 bytes)
1755125266.362835 sending message 105 to peer 0x5d90cc87ca10 (25 bytes)
1755125266.362841 sending message 105 to peer 0x5d90cc87ca10 (23 bytes)
1755125266.362849 sending message 105 to peer 0x5d90cc87ca10 (217 bytes)
1755125266.362873 sending message 105 to peer 0x5d90cc87ca10 (57 bytes)
1755125266.362880 sending message 105 to peer 0x5d90cc87ca10 (79 bytes)
1755125266.362887 sending message 105 to peer 0x5d90cc87ca10 (38 bytes)
1755125266.362894 sending message 105 to peer 0x5d90cc87ca10 (189 bytes)
1755125266.362901 sending message 105 to peer 0x5d90cc87ca10 (21 bytes)
1755125266.362908 sending message 105 to peer 0x5d90cc87ca10 (48 bytes)
1755125266.362915 sending message 105 to peer 0x5d90cc87ca10 (21 bytes)
1755125266.362921 sending message 105 to peer 0x5d90cc87ca10 (25 bytes)
1755125266.362928 sending message 105 to peer 0x5d90cc87ca10 (27 bytes)
1755125266.362934 sending message 105 to peer 0x5d90cc87ca10 (19 bytes)
1755125266.362941 sending message 105 to peer 0x5d90cc87ca10 (23 bytes)
1755125266.362947 sending message 105 to peer 0x5d90cc87ca10 (9 bytes)
1755125266.362955 sending message 105 to peer 0x5d90cc87ca10 (824 bytes)
1755125266.362961 sending message 105 to peer 0x5d90cc87ca10 (18 bytes)
1755125266.362973 sending message 105 to peer 0x5d90cc87ca10 (82 bytes)
1755125266.362980 sending message 105 to peer 0x5d90cc87ca10 (34 bytes)
1755125266.362987 sending message 105 to peer 0x5d90cc87ca10 (8 bytes)
1755125266.362994 sending message 105 to peer 0x5d90cc87ca10 (32 bytes)
1755125266.363000 sending message 105 to peer 0x5d90cc87ca10 (11 bytes)
1755125266.363007 sending message 105 to peer 0x5d90cc87ca10 (19 bytes)
1755125266.363014 sending message 105 to peer 0x5d90cc87ca10 (14 bytes)
1755125266.363021 sending message 105 to peer 0x5d90cc87ca10 (15 bytes)
1755125266.363027 sending message 105 to peer 0x5d90cc87ca10 (54 bytes)
1755125266.363034 sending message 105 to peer 0x5d90cc87ca10 (16 bytes)
1755125266.363041 sending message 105 to peer 0x5d90cc87ca10 (82 bytes)
1755125266.363048 sending message 105 to peer 0x5d90cc87ca10 (37 bytes)
1755125266.363054 sending message 105 to peer 0x5d90cc87ca10 (23 bytes)
1755125266.363067 sending message 105 to peer 0x5d90cc87ca10 (38 bytes)
1755125266.363074 sending message 105 to peer 0x5d90cc87ca10 (23 bytes)
1755125266.363085 sending message 105 to peer 0x5d90cc87ca10 (42 bytes)
1755125266.363092 sending message 105 to peer 0x5d90cc87ca10 (20 bytes)
1755125266.363099 sending message 105 to peer 0x5d90cc87ca10 (35 bytes)
1755125266.363106 sending message 105 to peer 0x5d90cc87ca10 (33 bytes)
1755125266.363113 sending message 105 to peer 0x5d90cc87ca10 (40 bytes)
1755125266.363120 sending message 105 to peer 0x5d90cc87ca10 (25 bytes)
1755125266.363126 sending message 105 to peer 0x5d90cc87ca10 (28 bytes)
1755125266.363133 sending message 105 to peer 0x5d90cc87ca10 (31 bytes)
1755125266.363140 sending message 105 to peer 0x5d90cc87ca10 (20 bytes)
1755125266.363146 sending message 105 to peer 0x5d90cc87ca10 (30 bytes)
1755125266.363154 sending message 105 to peer 0x5d90cc87ca10 (1519 bytes)
1755125266.363227 sending message 105 to peer 0x5d90cc87ca10 (47 bytes)
1755125266.363241 sending message 105 to peer 0x5d90cc87ca10 (20 bytes)
1755125266.363249 sending message 105 to peer 0x5d90cc87ca10 (61 bytes)
1755125266.363257 sending message 106 to peer 0x5d90cc87ca10 (0 bytes)
1755125266.363273 sending message 200 to peer 0x5d90cc87ca10 (4 bytes)
1755125266.363280 client loop enter
1755125266.373583 peer 0x5d90cc87ca10 message 207
1755125266.373616 sending message 208 to peer 0x5d90cc87ca10 (0 bytes)
1755125268.810418 peer 0x5d90cc87ca10 message 203
1755125268.810459 sending message 205 to peer 0x5d90cc87ca10 (0 bytes)
1755125268.811396 peer 0x5d90cc87ca10 message 204
1755125268.811431 client loop exit
